2019-02-16 19:36:18 +0000  Initial pipeline context: <IDEDistributionProcessingPipelineContext: 0x7fc3e5506300; archive(resolved)='<IDEArchive: 0x7fc3e379d9a0>', distributionTask(resolved)='2', distributionDestination(resolved)='1', distributionMethod(resolved)='<IDEDistributionMethodDeveloperID: 0x7fc3e3796e80>', team(resolved)='<IDEProvisioningDisambiguatableBasicTeam: 0x7fc3e008a0a0; teamID='MH62Y8D74P', teamName='Steven Barnett', teamType='Individual', username='steve@sabarnett.co.uk', isFreeProvisioningTeam='0'>'>
	Chain (11, self inclusive):
	<IDEDistributionProcessingPipelineContext: 0x7fc3e5506300; archive = '<IDEArchive: 0x7fc3e379d9a0>', distributionMethod='<IDEDistributionMethodDeveloperID: 0x7fc3e3796e80>', team='<IDEProvisioningDisambiguatableBasicTeam: 0x7fc3e008a0a0; teamID='MH62Y8D74P', teamName='Steven Barnett', teamType='Individual', username='steve@sabarnett.co.uk', isFreeProvisioningTeam='0'>'>
	<IDEDistributionProcessingPipelineContext: 0x7fc3e5519df0; archive = '<IDEArchive: 0x7fc3e379d9a0>', distributionMethod='<IDEDistributionMethodDeveloperID: 0x7fc3e3796e80>', team='<IDEProvisioningDisambiguatableBasicTeam: 0x7fc3e008a0a0; teamID='MH62Y8D74P', teamName='Steven Barnett', teamType='Individual', username='steve@sabarnett.co.uk', isFreeProvisioningTeam='0'>'>
	<IDEDistributionContext: 0x7fc3e3580070; archive = '<IDEArchive: 0x7fc3e379d9a0>', distributionMethod='<IDEDistributionMethodDeveloperID: 0x7fc3e3796e80>', team='<IDEProvisioningDisambiguatableBasicTeam: 0x7fc3e008a0a0; teamID='MH62Y8D74P', teamName='Steven Barnett', teamType='Individual', username='steve@sabarnett.co.uk', isFreeProvisioningTeam='0'>'>
	<IDEDistributionContext: 0x7fc3e37e8880; archive = '<IDEArchive: 0x7fc3e379d9a0>', distributionMethod='<IDEDistributionMethodDeveloperID: 0x7fc3e3796e80>', team='<IDEProvisioningDisambiguatableBasicTeam: 0x7fc3e008a0a0; teamID='MH62Y8D74P', teamName='Steven Barnett', teamType='Individual', username='steve@sabarnett.co.uk', isFreeProvisioningTeam='0'>'>
	<IDEDistributionContext: 0x7fc3e5401380; archive = '<IDEArchive: 0x7fc3e379d9a0>', distributionMethod='<IDEDistributionMethodDeveloperID: 0x7fc3e3796e80>', team='<IDEProvisioningDisambiguatableBasicTeam: 0x7fc3e008a0a0; teamID='MH62Y8D74P', teamName='Steven Barnett', teamType='Individual', username='steve@sabarnett.co.uk', isFreeProvisioningTeam='0'>'>
	<IDEDistributionContext: 0x7fc3e54141a0; archive = '<IDEArchive: 0x7fc3e379d9a0>', distributionMethod='<IDEDistributionMethodDeveloperID: 0x7fc3e3796e80>', team='<IDEProvisioningDisambiguatableBasicTeam: 0x7fc3e008a0a0; teamID='MH62Y8D74P', teamName='Steven Barnett', teamType='Individual', username='steve@sabarnett.co.uk', isFreeProvisioningTeam='0'>'>
	<IDEDistributionContext: 0x7fc3e36ea690; archive = '<IDEArchive: 0x7fc3e379d9a0>', distributionMethod='<IDEDistributionMethodDeveloperID: 0x7fc3e3796e80>', team='<IDEProvisioningDisambiguatableBasicTeam: 0x7fc3e008a0a0; teamID='MH62Y8D74P', teamName='Steven Barnett', teamType='Individual', username='steve@sabarnett.co.uk', isFreeProvisioningTeam='0'>'>
	<IDEDistributionContext: 0x7fc3e09874e0; archive = '<IDEArchive: 0x7fc3e379d9a0>', distributionMethod='<IDEDistributionMethodDeveloperID: 0x7fc3e3796e80>', team='<IDEProvisioningDisambiguatableBasicTeam: 0x7fc3e008a0a0; teamID='MH62Y8D74P', teamName='Steven Barnett', teamType='Individual', username='steve@sabarnett.co.uk', isFreeProvisioningTeam='0'>'>
	<IDEDistributionContext: 0x7fc3e50c2650; archive = '<IDEArchive: 0x7fc3e379d9a0>', distributionMethod='<IDEDistributionMethodDeveloperID: 0x7fc3e3796e80>', team='(null)'>
	<IDEDistributionContext: 0x7fc3e51d94c0; archive = '<IDEArchive: 0x7fc3e379d9a0>', distributionMethod='<IDEDistributionMethodDeveloperID: 0x7fc3e3796e80>', team='(null)'>
	<IDEDistributionContext: 0x7fc3e51d0210; archive = '<IDEArchive: 0x7fc3e379d9a0>', distributionMethod='(null)', team='(null)'>
</IDEDistributionProcessingPipelineContext: 0x7fc3e5506300>
2019-02-16 19:36:18 +0000  Processing step: IDEDistributionCreateDestRootStep
2019-02-16 19:36:18 +0000  Processing step: IDEDistributionCopyItemStep
2019-02-16 19:36:18 +0000  Running /usr/bin/ditto '-V' '/Users/stevenbarnett/Library/Developer/Xcode/Archives/2019-02-16/MacWasher 16-02-2019, 19.35.xcarchive/Products/Applications/MacWasher.app' '/var/folders/sl/w22qxj617mdbwpl12x94f4400000gn/T/XcodeDistPipeline.F6v/Root/Applications/MacWasher.app'
2019-02-16 19:36:18 +0000  >>> Copying /Users/stevenbarnett/Library/Developer/Xcode/Archives/2019-02-16/MacWasher 16-02-2019, 19.35.xcarchive/Products/Applications/MacWasher.app 
2019-02-16 19:36:18 +0000  copying file ./Contents/_CodeSignature/CodeResources ... 
2019-02-16 19:36:18 +0000  10830 bytes for ./Contents/_CodeSignature/CodeResources
2019-02-16 19:36:18 +0000  copying file ./Contents/MacOS/MacWasher ... 
2019-02-16 19:36:18 +0000  49472 bytes for ./Contents/MacOS/MacWasher
2019-02-16 19:36:18 +0000  copying file ./Contents/Resources/AboutMacWasher.storyboardc/NSWindowController-qz4-h9-vXp.nib ... 
2019-02-16 19:36:18 +0000  3808 bytes for ./Contents/Resources/AboutMacWasher.storyboardc/NSWindowController-qz4-h9-vXp.nib
2019-02-16 19:36:18 +0000  copying file ./Contents/Resources/AboutMacWasher.storyboardc/1EQ-cO-ONr-view-ljZ-d3-b1U.nib ... 
2019-02-16 19:36:18 +0000  12350 bytes for ./Contents/Resources/AboutMacWasher.storyboardc/1EQ-cO-ONr-view-ljZ-d3-b1U.nib
copying file ./Contents/Resources/AboutMacWasher.storyboardc/Info.plist ... 
2019-02-16 19:36:18 +0000  432 bytes for ./Contents/Resources/AboutMacWasher.storyboardc/Info.plist
2019-02-16 19:36:18 +0000  copying file ./Contents/Resources/AppIcon.icns ... 
2019-02-16 19:36:18 +0000  85622 bytes for ./Contents/Resources/AppIcon.icns
2019-02-16 19:36:18 +0000  copying file ./Contents/Resources/Base.lproj/Main.storyboardc/MainMenu.nib ... 
2019-02-16 19:36:18 +0000  6134 bytes for ./Contents/Resources/Base.lproj/Main.storyboardc/MainMenu.nib
2019-02-16 19:36:18 +0000  copying file ./Contents/Resources/Base.lproj/Main.storyboardc/XfG-lQ-9wD-view-m2S-Jp-Qdl.nib ... 
2019-02-16 19:36:18 +0000  4305 bytes for ./Contents/Resources/Base.lproj/Main.storyboardc/XfG-lQ-9wD-view-m2S-Jp-Qdl.nib
copying file ./Contents/Resources/Base.lproj/Main.storyboardc/NSWindowController-B8D-0N-5wS.nib ... 
2019-02-16 19:36:18 +0000  3668 bytes for ./Contents/Resources/Base.lproj/Main.storyboardc/NSWindowController-B8D-0N-5wS.nib
2019-02-16 19:36:18 +0000  copying file ./Contents/Resources/Base.lproj/Main.storyboardc/Info.plist ... 
2019-02-16 19:36:18 +0000  445 bytes for ./Contents/Resources/Base.lproj/Main.storyboardc/Info.plist
2019-02-16 19:36:18 +0000  copying file ./Contents/Resources/Assets.car ... 
2019-02-16 19:36:18 +0000  915144 bytes for ./Contents/Resources/Assets.car
2019-02-16 19:36:18 +0000  copying file ./Contents/Frameworks/libswiftAppKit.dylib ... 
2019-02-16 19:36:18 +0000  241248 bytes for ./Contents/Frameworks/libswiftAppKit.dylib
2019-02-16 19:36:18 +0000  copying file ./Contents/Frameworks/libswiftCoreImage.dylib ... 
2019-02-16 19:36:18 +0000  49360 bytes for ./Contents/Frameworks/libswiftCoreImage.dylib
2019-02-16 19:36:18 +0000  copying file ./Contents/Frameworks/libswiftObjectiveC.dylib ... 
2019-02-16 19:36:18 +0000  61024 bytes for ./Contents/Frameworks/libswiftObjectiveC.dylib
2019-02-16 19:36:18 +0000  copying file ./Contents/Frameworks/libswiftXPC.dylib ... 
2019-02-16 19:36:18 +0000  44960 bytes for ./Contents/Frameworks/libswiftXPC.dylib
copying file ./Contents/Frameworks/libswiftCore.dylib ... 
2019-02-16 19:36:18 +0000  6553216 bytes for ./Contents/Frameworks/libswiftCore.dylib
2019-02-16 19:36:18 +0000  copying file ./Contents/Frameworks/libswiftCoreGraphics.dylib ... 
202128 bytes for ./Contents/Frameworks/libswiftCoreGraphics.dylib
copying file ./Contents/Frameworks/libswiftMetal.dylib ... 
92416 bytes for ./Contents/Frameworks/libswiftMetal.dylib
copying file ./Contents/Frameworks/libswiftCoreData.dylib ... 
98416 bytes for ./Contents/Frameworks/libswiftCoreData.dylib
2019-02-16 19:36:18 +0000  copying file ./Contents/Frameworks/libswiftDispatch.dylib ... 
2019-02-16 19:36:18 +0000  345920 bytes for ./Contents/Frameworks/libswiftDispatch.dylib
copying file ./Contents/Frameworks/libswiftos.dylib ... 
2019-02-16 19:36:18 +0000  74624 bytes for ./Contents/Frameworks/libswiftos.dylib
2019-02-16 19:36:18 +0000  copying file ./Contents/Frameworks/libswiftCoreFoundation.dylib ... 
2019-02-16 19:36:18 +0000  41120 bytes for ./Contents/Frameworks/libswiftCoreFoundation.dylib
2019-02-16 19:36:18 +0000  copying file ./Contents/Frameworks/libswiftDarwin.dylib ... 
2019-02-16 19:36:18 +0000  106448 bytes for ./Contents/Frameworks/libswiftDarwin.dylib
2019-02-16 19:36:18 +0000  copying file ./Contents/Frameworks/libswiftQuartzCore.dylib ... 
2019-02-16 19:36:18 +0000  58368 bytes for ./Contents/Frameworks/libswiftQuartzCore.dylib
2019-02-16 19:36:18 +0000  copying file ./Contents/Frameworks/libswiftIOKit.dylib ... 
2019-02-16 19:36:18 +0000  45008 bytes for ./Contents/Frameworks/libswiftIOKit.dylib
2019-02-16 19:36:18 +0000  copying file ./Contents/Frameworks/libswiftFoundation.dylib ... 
2019-02-16 19:36:18 +0000  3065296 bytes for ./Contents/Frameworks/libswiftFoundation.dylib
2019-02-16 19:36:18 +0000  copying file ./Contents/Info.plist ... 
1936 bytes for ./Contents/Info.plist
copying file ./Contents/PkgInfo ... 
2019-02-16 19:36:18 +0000  8 bytes for ./Contents/PkgInfo
2019-02-16 19:36:18 +0000  /usr/bin/ditto exited with 0
2019-02-16 19:36:18 +0000  Processing step: IDEDistributionEmbedProfileStep
2019-02-16 19:36:18 +0000  Skipping profile for item: <IDEDistributionItem: 0x7fc3e544c870 'com.apple.dt.runtime.swiftAppKit' '<DVTFilePath:0x7fc3d864b770:'/Users/stevenbarnett/Library/Developer/Xcode/Archives/2019-02-16/MacWasher 16-02-2019, 19.35.xcarchive/Products/Applications/MacWasher.app/Contents/Frameworks/libswiftAppKit.dylib'>'>
2019-02-16 19:36:18 +0000  Skipping profile for item: <IDEDistributionItem: 0x7fc3e5418b10 'com.apple.dt.runtime.swiftCore' '<DVTFilePath:0x7fc3e55135e0:'/Users/stevenbarnett/Library/Developer/Xcode/Archives/2019-02-16/MacWasher 16-02-2019, 19.35.xcarchive/Products/Applications/MacWasher.app/Contents/Frameworks/libswiftCore.dylib'>'>
2019-02-16 19:36:18 +0000  Skipping profile for item: <IDEDistributionItem: 0x7fc3e36c6330 'com.apple.dt.runtime.swiftCoreData' '<DVTFilePath:0x7fc3e074edf0:'/Users/stevenbarnett/Library/Developer/Xcode/Archives/2019-02-16/MacWasher 16-02-2019, 19.35.xcarchive/Products/Applications/MacWasher.app/Contents/Frameworks/libswiftCoreData.dylib'>'>
2019-02-16 19:36:18 +0000  Skipping profile for item: <IDEDistributionItem: 0x7fc3e5415e30 'com.apple.dt.runtime.swiftCoreFoundation' '<DVTFilePath:0x7fc3e358d570:'/Users/stevenbarnett/Library/Developer/Xcode/Archives/2019-02-16/MacWasher 16-02-2019, 19.35.xcarchive/Products/Applications/MacWasher.app/Contents/Frameworks/libswiftCoreFoundation.dylib'>'>
2019-02-16 19:36:18 +0000  Skipping profile for item: <IDEDistributionItem: 0x7fc3e5417bb0 'com.apple.dt.runtime.swiftCoreGraphics' '<DVTFilePath:0x7fc3e5514220:'/Users/stevenbarnett/Library/Developer/Xcode/Archives/2019-02-16/MacWasher 16-02-2019, 19.35.xcarchive/Products/Applications/MacWasher.app/Contents/Frameworks/libswiftCoreGraphics.dylib'>'>
2019-02-16 19:36:18 +0000  Skipping profile for item: <IDEDistributionItem: 0x7fc3e543beb0 'com.apple.dt.runtime.swiftCoreImage' '<DVTFilePath:0x7fc3e0167b80:'/Users/stevenbarnett/Library/Developer/Xcode/Archives/2019-02-16/MacWasher 16-02-2019, 19.35.xcarchive/Products/Applications/MacWasher.app/Contents/Frameworks/libswiftCoreImage.dylib'>'>
2019-02-16 19:36:18 +0000  Skipping profile for item: <IDEDistributionItem: 0x7fc3e36f7bd0 'com.apple.dt.runtime.swiftDarwin' '<DVTFilePath:0x7fc3e3569e30:'/Users/stevenbarnett/Library/Developer/Xcode/Archives/2019-02-16/MacWasher 16-02-2019, 19.35.xcarchive/Products/Applications/MacWasher.app/Contents/Frameworks/libswiftDarwin.dylib'>'>
2019-02-16 19:36:18 +0000  Skipping profile for item: <IDEDistributionItem: 0x7fc3da26f180 'com.apple.dt.runtime.swiftDispatch' '<DVTFilePath:0x7fc3e5504990:'/Users/stevenbarnett/Library/Developer/Xcode/Archives/2019-02-16/MacWasher 16-02-2019, 19.35.xcarchive/Products/Applications/MacWasher.app/Contents/Frameworks/libswiftDispatch.dylib'>'>
2019-02-16 19:36:18 +0000  Skipping profile for item: <IDEDistributionItem: 0x7fc3e36e17a0 'com.apple.dt.runtime.swiftFoundation' '<DVTFilePath:0x7fc3df2b1e60:'/Users/stevenbarnett/Library/Developer/Xcode/Archives/2019-02-16/MacWasher 16-02-2019, 19.35.xcarchive/Products/Applications/MacWasher.app/Contents/Frameworks/libswiftFoundation.dylib'>'>
2019-02-16 19:36:18 +0000  Skipping profile for item: <IDEDistributionItem: 0x7fc3e5446570 'com.apple.dt.runtime.swiftIOKit' '<DVTFilePath:0x7fc3e36ce930:'/Users/stevenbarnett/Library/Developer/Xcode/Archives/2019-02-16/MacWasher 16-02-2019, 19.35.xcarchive/Products/Applications/MacWasher.app/Contents/Frameworks/libswiftIOKit.dylib'>'>
2019-02-16 19:36:18 +0000  Skipping profile for item: <IDEDistributionItem: 0x7fc3e540c5e0 'com.apple.dt.runtime.swiftMetal' '<DVTFilePath:0x7fc3e51e2e90:'/Users/stevenbarnett/Library/Developer/Xcode/Archives/2019-02-16/MacWasher 16-02-2019, 19.35.xcarchive/Products/Applications/MacWasher.app/Contents/Frameworks/libswiftMetal.dylib'>'>
2019-02-16 19:36:18 +0000  Skipping profile for item: <IDEDistributionItem: 0x7fc3e54084a0 'com.apple.dt.runtime.swiftObjectiveC' '<DVTFilePath:0x7fc3e51d64b0:'/Users/stevenbarnett/Library/Developer/Xcode/Archives/2019-02-16/MacWasher 16-02-2019, 19.35.xcarchive/Products/Applications/MacWasher.app/Contents/Frameworks/libswiftObjectiveC.dylib'>'>
2019-02-16 19:36:18 +0000  Skipping profile for item: <IDEDistributionItem: 0x7fc3e5413160 'com.apple.dt.runtime.swiftQuartzCore' '<DVTFilePath:0x7fc3e36cd930:'/Users/stevenbarnett/Library/Developer/Xcode/Archives/2019-02-16/MacWasher 16-02-2019, 19.35.xcarchive/Products/Applications/MacWasher.app/Contents/Frameworks/libswiftQuartzCore.dylib'>'>
2019-02-16 19:36:18 +0000  Skipping profile for item: <IDEDistributionItem: 0x7fc3e5434470 'com.apple.dt.runtime.swiftXPC' '<DVTFilePath:0x7fc3e51dff40:'/Users/stevenbarnett/Library/Developer/Xcode/Archives/2019-02-16/MacWasher 16-02-2019, 19.35.xcarchive/Products/Applications/MacWasher.app/Contents/Frameworks/libswiftXPC.dylib'>'>
2019-02-16 19:36:18 +0000  Skipping profile for item: <IDEDistributionItem: 0x7fc3e5448d00 'com.apple.dt.runtime.swiftos' '<DVTFilePath:0x7fc3e36d14b0:'/Users/stevenbarnett/Library/Developer/Xcode/Archives/2019-02-16/MacWasher 16-02-2019, 19.35.xcarchive/Products/Applications/MacWasher.app/Contents/Frameworks/libswiftos.dylib'>'>
2019-02-16 19:36:18 +0000  Skipping profile for item: <IDEDistributionItem: 0x7fc3e5450a30 'com.theoldbloke.MacWasher' '<DVTFilePath:0x7fc3e34bfd20:'/Users/stevenbarnett/Library/Developer/Xcode/Archives/2019-02-16/MacWasher 16-02-2019, 19.35.xcarchive/Products/Applications/MacWasher.app'>'>
2019-02-16 19:36:18 +0000  Processing step: IDEDistributionAppThinningPlistStep
2019-02-16 19:36:18 +0000  Processing step: IDEDistributionCompileBitcodeStep
2019-02-16 19:36:18 +0000  Skipping step: IDEDistributionCompileBitcodeStep because it said so
2019-02-16 19:36:18 +0000  Processing step: IDEDistributionCodeSlimmingStep
2019-02-16 19:36:18 +0000  Processing step: IDEDistributionCopyBCSymbolMapsStep
2019-02-16 19:36:18 +0000  Skipping step: IDEDistributionCopyBCSymbolMapsStep because it said so
2019-02-16 19:36:18 +0000  Skipping step: IDEDistributionCopyBCSymbolMapsStep because it said so
2019-02-16 19:36:18 +0000  Skipping step: IDEDistributionCopyBCSymbolMapsStep because it said so
2019-02-16 19:36:18 +0000  Skipping step: IDEDistributionCopyBCSymbolMapsStep because it said so
2019-02-16 19:36:18 +0000  Skipping step: IDEDistributionCopyBCSymbolMapsStep because it said so
2019-02-16 19:36:18 +0000  Skipping step: IDEDistributionCopyBCSymbolMapsStep because it said so
2019-02-16 19:36:18 +0000  Skipping step: IDEDistributionCopyBCSymbolMapsStep because it said so
2019-02-16 19:36:18 +0000  Skipping step: IDEDistributionCopyBCSymbolMapsStep because it said so
2019-02-16 19:36:18 +0000  Skipping step: IDEDistributionCopyBCSymbolMapsStep because it said so
2019-02-16 19:36:18 +0000  Skipping step: IDEDistributionCopyBCSymbolMapsStep because it said so
2019-02-16 19:36:18 +0000  Skipping step: IDEDistributionCopyBCSymbolMapsStep because it said so
2019-02-16 19:36:18 +0000  Skipping step: IDEDistributionCopyBCSymbolMapsStep because it said so
2019-02-16 19:36:18 +0000  Skipping step: IDEDistributionCopyBCSymbolMapsStep because it said so
2019-02-16 19:36:18 +0000  Skipping step: IDEDistributionCopyBCSymbolMapsStep because it said so
2019-02-16 19:36:18 +0000  Skipping step: IDEDistributionCopyBCSymbolMapsStep because it said so
2019-02-16 19:36:18 +0000  Skipping step: IDEDistributionCopyBCSymbolMapsStep because it said so
2019-02-16 19:36:18 +0000  Processing step: IDEDistributionSymbolsStep
2019-02-16 19:36:18 +0000  Skipping step: IDEDistributionSymbolsStep because it said so
2019-02-16 19:36:18 +0000  Skipping step: IDEDistributionSymbolsStep because it said so
2019-02-16 19:36:18 +0000  Skipping step: IDEDistributionSymbolsStep because it said so
2019-02-16 19:36:18 +0000  Skipping step: IDEDistributionSymbolsStep because it said so
2019-02-16 19:36:18 +0000  Skipping step: IDEDistributionSymbolsStep because it said so
2019-02-16 19:36:18 +0000  Skipping step: IDEDistributionSymbolsStep because it said so
2019-02-16 19:36:18 +0000  Skipping step: IDEDistributionSymbolsStep because it said so
2019-02-16 19:36:18 +0000  Skipping step: IDEDistributionSymbolsStep because it said so
2019-02-16 19:36:18 +0000  Skipping step: IDEDistributionSymbolsStep because it said so
2019-02-16 19:36:18 +0000  Skipping step: IDEDistributionSymbolsStep because it said so
2019-02-16 19:36:18 +0000  Skipping step: IDEDistributionSymbolsStep because it said so
2019-02-16 19:36:18 +0000  Skipping step: IDEDistributionSymbolsStep because it said so
2019-02-16 19:36:18 +0000  Skipping step: IDEDistributionSymbolsStep because it said so
2019-02-16 19:36:18 +0000  Skipping step: IDEDistributionSymbolsStep because it said so
2019-02-16 19:36:18 +0000  Skipping step: IDEDistributionSymbolsStep because it said so
2019-02-16 19:36:18 +0000  Skipping step: IDEDistributionSymbolsStep because it said so
2019-02-16 19:36:18 +0000  Processing step: IDEDistributionAppThinningStep
2019-02-16 19:36:18 +0000  Skipping step: IDEDistributionAppThinningStep because it said so
2019-02-16 19:36:18 +0000  Processing step: IDEDistributionArchThinningStep
2019-02-16 19:36:18 +0000  Running /Applications/Xcode.app/Contents/Developer/Toolchains/XcodeDefault.xctoolchain/usr/bin/lipo '/var/folders/sl/w22qxj617mdbwpl12x94f4400000gn/T/XcodeDistPipeline.F6v/Root/Applications/MacWasher.app/Contents/Frameworks/libswiftAppKit.dylib' '-verify_arch' 'arm64e'
2019-02-16 19:36:18 +0000  /Applications/Xcode.app/Contents/Developer/Toolchains/XcodeDefault.xctoolchain/usr/bin/lipo exited with 1
2019-02-16 19:36:18 +0000  Skipping architecture thinning for item "libswiftAppKit.dylib" because arch "arm64e" wasn't found
2019-02-16 19:36:18 +0000  Running /Applications/Xcode.app/Contents/Developer/Toolchains/XcodeDefault.xctoolchain/usr/bin/lipo '/var/folders/sl/w22qxj617mdbwpl12x94f4400000gn/T/XcodeDistPipeline.F6v/Root/Applications/MacWasher.app/Contents/Frameworks/libswiftCore.dylib' '-verify_arch' 'arm64e'
2019-02-16 19:36:18 +0000  /Applications/Xcode.app/Contents/Developer/Toolchains/XcodeDefault.xctoolchain/usr/bin/lipo exited with 1
2019-02-16 19:36:18 +0000  Skipping architecture thinning for item "libswiftCore.dylib" because arch "arm64e" wasn't found
2019-02-16 19:36:18 +0000  Running /Applications/Xcode.app/Contents/Developer/Toolchains/XcodeDefault.xctoolchain/usr/bin/lipo '/var/folders/sl/w22qxj617mdbwpl12x94f4400000gn/T/XcodeDistPipeline.F6v/Root/Applications/MacWasher.app/Contents/Frameworks/libswiftCoreData.dylib' '-verify_arch' 'arm64e'
2019-02-16 19:36:18 +0000  /Applications/Xcode.app/Contents/Developer/Toolchains/XcodeDefault.xctoolchain/usr/bin/lipo exited with 1
2019-02-16 19:36:18 +0000  Skipping architecture thinning for item "libswiftCoreData.dylib" because arch "arm64e" wasn't found
2019-02-16 19:36:18 +0000  Running /Applications/Xcode.app/Contents/Developer/Toolchains/XcodeDefault.xctoolchain/usr/bin/lipo '/var/folders/sl/w22qxj617mdbwpl12x94f4400000gn/T/XcodeDistPipeline.F6v/Root/Applications/MacWasher.app/Contents/Frameworks/libswiftCoreFoundation.dylib' '-verify_arch' 'arm64e'
2019-02-16 19:36:18 +0000  /Applications/Xcode.app/Contents/Developer/Toolchains/XcodeDefault.xctoolchain/usr/bin/lipo exited with 1
2019-02-16 19:36:18 +0000  Skipping architecture thinning for item "libswiftCoreFoundation.dylib" because arch "arm64e" wasn't found
2019-02-16 19:36:18 +0000  Running /Applications/Xcode.app/Contents/Developer/Toolchains/XcodeDefault.xctoolchain/usr/bin/lipo '/var/folders/sl/w22qxj617mdbwpl12x94f4400000gn/T/XcodeDistPipeline.F6v/Root/Applications/MacWasher.app/Contents/Frameworks/libswiftCoreGraphics.dylib' '-verify_arch' 'arm64e'
2019-02-16 19:36:18 +0000  /Applications/Xcode.app/Contents/Developer/Toolchains/XcodeDefault.xctoolchain/usr/bin/lipo exited with 1
2019-02-16 19:36:18 +0000  Skipping architecture thinning for item "libswiftCoreGraphics.dylib" because arch "arm64e" wasn't found
2019-02-16 19:36:18 +0000  Running /Applications/Xcode.app/Contents/Developer/Toolchains/XcodeDefault.xctoolchain/usr/bin/lipo '/var/folders/sl/w22qxj617mdbwpl12x94f4400000gn/T/XcodeDistPipeline.F6v/Root/Applications/MacWasher.app/Contents/Frameworks/libswiftCoreImage.dylib' '-verify_arch' 'arm64e'
2019-02-16 19:36:18 +0000  /Applications/Xcode.app/Contents/Developer/Toolchains/XcodeDefault.xctoolchain/usr/bin/lipo exited with 1
2019-02-16 19:36:18 +0000  Skipping architecture thinning for item "libswiftCoreImage.dylib" because arch "arm64e" wasn't found
2019-02-16 19:36:18 +0000  Running /Applications/Xcode.app/Contents/Developer/Toolchains/XcodeDefault.xctoolchain/usr/bin/lipo '/var/folders/sl/w22qxj617mdbwpl12x94f4400000gn/T/XcodeDistPipeline.F6v/Root/Applications/MacWasher.app/Contents/Frameworks/libswiftDarwin.dylib' '-verify_arch' 'arm64e'
2019-02-16 19:36:18 +0000  /Applications/Xcode.app/Contents/Developer/Toolchains/XcodeDefault.xctoolchain/usr/bin/lipo exited with 1
2019-02-16 19:36:18 +0000  Skipping architecture thinning for item "libswiftDarwin.dylib" because arch "arm64e" wasn't found
2019-02-16 19:36:18 +0000  Running /Applications/Xcode.app/Contents/Developer/Toolchains/XcodeDefault.xctoolchain/usr/bin/lipo '/var/folders/sl/w22qxj617mdbwpl12x94f4400000gn/T/XcodeDistPipeline.F6v/Root/Applications/MacWasher.app/Contents/Frameworks/libswiftDispatch.dylib' '-verify_arch' 'arm64e'
2019-02-16 19:36:18 +0000  /Applications/Xcode.app/Contents/Developer/Toolchains/XcodeDefault.xctoolchain/usr/bin/lipo exited with 1
2019-02-16 19:36:18 +0000  Skipping architecture thinning for item "libswiftDispatch.dylib" because arch "arm64e" wasn't found
2019-02-16 19:36:18 +0000  Running /Applications/Xcode.app/Contents/Developer/Toolchains/XcodeDefault.xctoolchain/usr/bin/lipo '/var/folders/sl/w22qxj617mdbwpl12x94f4400000gn/T/XcodeDistPipeline.F6v/Root/Applications/MacWasher.app/Contents/Frameworks/libswiftFoundation.dylib' '-verify_arch' 'arm64e'
2019-02-16 19:36:18 +0000  /Applications/Xcode.app/Contents/Developer/Toolchains/XcodeDefault.xctoolchain/usr/bin/lipo exited with 1
2019-02-16 19:36:18 +0000  Skipping architecture thinning for item "libswiftFoundation.dylib" because arch "arm64e" wasn't found
2019-02-16 19:36:18 +0000  Running /Applications/Xcode.app/Contents/Developer/Toolchains/XcodeDefault.xctoolchain/usr/bin/lipo '/var/folders/sl/w22qxj617mdbwpl12x94f4400000gn/T/XcodeDistPipeline.F6v/Root/Applications/MacWasher.app/Contents/Frameworks/libswiftIOKit.dylib' '-verify_arch' 'arm64e'
2019-02-16 19:36:18 +0000  /Applications/Xcode.app/Contents/Developer/Toolchains/XcodeDefault.xctoolchain/usr/bin/lipo exited with 1
2019-02-16 19:36:18 +0000  Skipping architecture thinning for item "libswiftIOKit.dylib" because arch "arm64e" wasn't found
2019-02-16 19:36:18 +0000  Running /Applications/Xcode.app/Contents/Developer/Toolchains/XcodeDefault.xctoolchain/usr/bin/lipo '/var/folders/sl/w22qxj617mdbwpl12x94f4400000gn/T/XcodeDistPipeline.F6v/Root/Applications/MacWasher.app/Contents/Frameworks/libswiftMetal.dylib' '-verify_arch' 'arm64e'
2019-02-16 19:36:18 +0000  /Applications/Xcode.app/Contents/Developer/Toolchains/XcodeDefault.xctoolchain/usr/bin/lipo exited with 1
2019-02-16 19:36:18 +0000  Skipping architecture thinning for item "libswiftMetal.dylib" because arch "arm64e" wasn't found
2019-02-16 19:36:18 +0000  Running /Applications/Xcode.app/Contents/Developer/Toolchains/XcodeDefault.xctoolchain/usr/bin/lipo '/var/folders/sl/w22qxj617mdbwpl12x94f4400000gn/T/XcodeDistPipeline.F6v/Root/Applications/MacWasher.app/Contents/Frameworks/libswiftObjectiveC.dylib' '-verify_arch' 'arm64e'
2019-02-16 19:36:18 +0000  /Applications/Xcode.app/Contents/Developer/Toolchains/XcodeDefault.xctoolchain/usr/bin/lipo exited with 1
2019-02-16 19:36:18 +0000  Skipping architecture thinning for item "libswiftObjectiveC.dylib" because arch "arm64e" wasn't found
2019-02-16 19:36:18 +0000  Running /Applications/Xcode.app/Contents/Developer/Toolchains/XcodeDefault.xctoolchain/usr/bin/lipo '/var/folders/sl/w22qxj617mdbwpl12x94f4400000gn/T/XcodeDistPipeline.F6v/Root/Applications/MacWasher.app/Contents/Frameworks/libswiftQuartzCore.dylib' '-verify_arch' 'arm64e'
2019-02-16 19:36:18 +0000  /Applications/Xcode.app/Contents/Developer/Toolchains/XcodeDefault.xctoolchain/usr/bin/lipo exited with 1
2019-02-16 19:36:18 +0000  Skipping architecture thinning for item "libswiftQuartzCore.dylib" because arch "arm64e" wasn't found
2019-02-16 19:36:18 +0000  Running /Applications/Xcode.app/Contents/Developer/Toolchains/XcodeDefault.xctoolchain/usr/bin/lipo '/var/folders/sl/w22qxj617mdbwpl12x94f4400000gn/T/XcodeDistPipeline.F6v/Root/Applications/MacWasher.app/Contents/Frameworks/libswiftXPC.dylib' '-verify_arch' 'arm64e'
2019-02-16 19:36:18 +0000  /Applications/Xcode.app/Contents/Developer/Toolchains/XcodeDefault.xctoolchain/usr/bin/lipo exited with 1
2019-02-16 19:36:18 +0000  Skipping architecture thinning for item "libswiftXPC.dylib" because arch "arm64e" wasn't found
2019-02-16 19:36:18 +0000  Running /Applications/Xcode.app/Contents/Developer/Toolchains/XcodeDefault.xctoolchain/usr/bin/lipo '/var/folders/sl/w22qxj617mdbwpl12x94f4400000gn/T/XcodeDistPipeline.F6v/Root/Applications/MacWasher.app/Contents/Frameworks/libswiftos.dylib' '-verify_arch' 'arm64e'
2019-02-16 19:36:18 +0000  /Applications/Xcode.app/Contents/Developer/Toolchains/XcodeDefault.xctoolchain/usr/bin/lipo exited with 1
2019-02-16 19:36:18 +0000  Skipping architecture thinning for item "libswiftos.dylib" because arch "arm64e" wasn't found
2019-02-16 19:36:18 +0000  Running /Applications/Xcode.app/Contents/Developer/Toolchains/XcodeDefault.xctoolchain/usr/bin/lipo '/var/folders/sl/w22qxj617mdbwpl12x94f4400000gn/T/XcodeDistPipeline.F6v/Root/Applications/MacWasher.app/Contents/MacOS/MacWasher' '-verify_arch' 'arm64e'
2019-02-16 19:36:18 +0000  /Applications/Xcode.app/Contents/Developer/Toolchains/XcodeDefault.xctoolchain/usr/bin/lipo exited with 1
2019-02-16 19:36:18 +0000  Skipping architecture thinning for item "MacWasher" because arch "arm64e" wasn't found
2019-02-16 19:36:18 +0000  Processing step: IDEDistributionODRStep
2019-02-16 19:36:18 +0000  Processing step: IDEDistributionStripXattrsStep
2019-02-16 19:36:18 +0000  Skipping stripping extended attributes of item: <IDEDistributionItem: 0x7fc3e544c870 'com.apple.dt.runtime.swiftAppKit' '<DVTFilePath:0x7fc3d864b770:'/Users/stevenbarnett/Library/Developer/Xcode/Archives/2019-02-16/MacWasher 16-02-2019, 19.35.xcarchive/Products/Applications/MacWasher.app/Contents/Frameworks/libswiftAppKit.dylib'>'>
2019-02-16 19:36:18 +0000  Skipping stripping extended attributes of item: <IDEDistributionItem: 0x7fc3e5418b10 'com.apple.dt.runtime.swiftCore' '<DVTFilePath:0x7fc3e55135e0:'/Users/stevenbarnett/Library/Developer/Xcode/Archives/2019-02-16/MacWasher 16-02-2019, 19.35.xcarchive/Products/Applications/MacWasher.app/Contents/Frameworks/libswiftCore.dylib'>'>
2019-02-16 19:36:18 +0000  Skipping stripping extended attributes of item: <IDEDistributionItem: 0x7fc3e36c6330 'com.apple.dt.runtime.swiftCoreData' '<DVTFilePath:0x7fc3e074edf0:'/Users/stevenbarnett/Library/Developer/Xcode/Archives/2019-02-16/MacWasher 16-02-2019, 19.35.xcarchive/Products/Applications/MacWasher.app/Contents/Frameworks/libswiftCoreData.dylib'>'>
2019-02-16 19:36:18 +0000  Skipping stripping extended attributes of item: <IDEDistributionItem: 0x7fc3e5415e30 'com.apple.dt.runtime.swiftCoreFoundation' '<DVTFilePath:0x7fc3e358d570:'/Users/stevenbarnett/Library/Developer/Xcode/Archives/2019-02-16/MacWasher 16-02-2019, 19.35.xcarchive/Products/Applications/MacWasher.app/Contents/Frameworks/libswiftCoreFoundation.dylib'>'>
2019-02-16 19:36:18 +0000  Skipping stripping extended attributes of item: <IDEDistributionItem: 0x7fc3e5417bb0 'com.apple.dt.runtime.swiftCoreGraphics' '<DVTFilePath:0x7fc3e5514220:'/Users/stevenbarnett/Library/Developer/Xcode/Archives/2019-02-16/MacWasher 16-02-2019, 19.35.xcarchive/Products/Applications/MacWasher.app/Contents/Frameworks/libswiftCoreGraphics.dylib'>'>
2019-02-16 19:36:18 +0000  Skipping stripping extended attributes of item: <IDEDistributionItem: 0x7fc3e543beb0 'com.apple.dt.runtime.swiftCoreImage' '<DVTFilePath:0x7fc3e0167b80:'/Users/stevenbarnett/Library/Developer/Xcode/Archives/2019-02-16/MacWasher 16-02-2019, 19.35.xcarchive/Products/Applications/MacWasher.app/Contents/Frameworks/libswiftCoreImage.dylib'>'>
2019-02-16 19:36:18 +0000  Skipping stripping extended attributes of item: <IDEDistributionItem: 0x7fc3e36f7bd0 'com.apple.dt.runtime.swiftDarwin' '<DVTFilePath:0x7fc3e3569e30:'/Users/stevenbarnett/Library/Developer/Xcode/Archives/2019-02-16/MacWasher 16-02-2019, 19.35.xcarchive/Products/Applications/MacWasher.app/Contents/Frameworks/libswiftDarwin.dylib'>'>
2019-02-16 19:36:18 +0000  Skipping stripping extended attributes of item: <IDEDistributionItem: 0x7fc3da26f180 'com.apple.dt.runtime.swiftDispatch' '<DVTFilePath:0x7fc3e5504990:'/Users/stevenbarnett/Library/Developer/Xcode/Archives/2019-02-16/MacWasher 16-02-2019, 19.35.xcarchive/Products/Applications/MacWasher.app/Contents/Frameworks/libswiftDispatch.dylib'>'>
2019-02-16 19:36:18 +0000  Skipping stripping extended attributes of item: <IDEDistributionItem: 0x7fc3e36e17a0 'com.apple.dt.runtime.swiftFoundation' '<DVTFilePath:0x7fc3df2b1e60:'/Users/stevenbarnett/Library/Developer/Xcode/Archives/2019-02-16/MacWasher 16-02-2019, 19.35.xcarchive/Products/Applications/MacWasher.app/Contents/Frameworks/libswiftFoundation.dylib'>'>
2019-02-16 19:36:18 +0000  Skipping stripping extended attributes of item: <IDEDistributionItem: 0x7fc3e5446570 'com.apple.dt.runtime.swiftIOKit' '<DVTFilePath:0x7fc3e36ce930:'/Users/stevenbarnett/Library/Developer/Xcode/Archives/2019-02-16/MacWasher 16-02-2019, 19.35.xcarchive/Products/Applications/MacWasher.app/Contents/Frameworks/libswiftIOKit.dylib'>'>
2019-02-16 19:36:18 +0000  Skipping stripping extended attributes of item: <IDEDistributionItem: 0x7fc3e540c5e0 'com.apple.dt.runtime.swiftMetal' '<DVTFilePath:0x7fc3e51e2e90:'/Users/stevenbarnett/Library/Developer/Xcode/Archives/2019-02-16/MacWasher 16-02-2019, 19.35.xcarchive/Products/Applications/MacWasher.app/Contents/Frameworks/libswiftMetal.dylib'>'>
2019-02-16 19:36:18 +0000  Skipping stripping extended attributes of item: <IDEDistributionItem: 0x7fc3e54084a0 'com.apple.dt.runtime.swiftObjectiveC' '<DVTFilePath:0x7fc3e51d64b0:'/Users/stevenbarnett/Library/Developer/Xcode/Archives/2019-02-16/MacWasher 16-02-2019, 19.35.xcarchive/Products/Applications/MacWasher.app/Contents/Frameworks/libswiftObjectiveC.dylib'>'>
2019-02-16 19:36:18 +0000  Skipping stripping extended attributes of item: <IDEDistributionItem: 0x7fc3e5413160 'com.apple.dt.runtime.swiftQuartzCore' '<DVTFilePath:0x7fc3e36cd930:'/Users/stevenbarnett/Library/Developer/Xcode/Archives/2019-02-16/MacWasher 16-02-2019, 19.35.xcarchive/Products/Applications/MacWasher.app/Contents/Frameworks/libswiftQuartzCore.dylib'>'>
2019-02-16 19:36:18 +0000  Skipping stripping extended attributes of item: <IDEDistributionItem: 0x7fc3e5434470 'com.apple.dt.runtime.swiftXPC' '<DVTFilePath:0x7fc3e51dff40:'/Users/stevenbarnett/Library/Developer/Xcode/Archives/2019-02-16/MacWasher 16-02-2019, 19.35.xcarchive/Products/Applications/MacWasher.app/Contents/Frameworks/libswiftXPC.dylib'>'>
2019-02-16 19:36:18 +0000  Skipping stripping extended attributes of item: <IDEDistributionItem: 0x7fc3e5448d00 'com.apple.dt.runtime.swiftos' '<DVTFilePath:0x7fc3e36d14b0:'/Users/stevenbarnett/Library/Developer/Xcode/Archives/2019-02-16/MacWasher 16-02-2019, 19.35.xcarchive/Products/Applications/MacWasher.app/Contents/Frameworks/libswiftos.dylib'>'>
2019-02-16 19:36:18 +0000  Running /usr/bin/xattr '-crs' '/var/folders/sl/w22qxj617mdbwpl12x94f4400000gn/T/XcodeDistPipeline.F6v/Root/Applications/MacWasher.app'
2019-02-16 19:36:18 +0000  /usr/bin/xattr exited with 0
2019-02-16 19:36:18 +0000  Processing step: IDEDistributionCodesignStep
2019-02-16 19:36:18 +0000  Entitlements for <IDEDistributionItem: 0x7fc3e544c870 'com.apple.dt.runtime.swiftAppKit' '<DVTFilePath:0x7fc3d864b770:'/Users/stevenbarnett/Library/Developer/Xcode/Archives/2019-02-16/MacWasher 16-02-2019, 19.35.xcarchive/Products/Applications/MacWasher.app/Contents/Frameworks/libswiftAppKit.dylib'>'>: {
}
2019-02-16 19:36:18 +0000  Writing entitlements for <IDEDistributionItem: 0x7fc3e544c870 'com.apple.dt.runtime.swiftAppKit' '<DVTFilePath:0x7fc3d864b770:'/Users/stevenbarnett/Library/Developer/Xcode/Archives/2019-02-16/MacWasher 16-02-2019, 19.35.xcarchive/Products/Applications/MacWasher.app/Contents/Frameworks/libswiftAppKit.dylib'>'> to: /var/folders/sl/w22qxj617mdbwpl12x94f4400000gn/T/XcodeDistPipeline.F6v/entitlementsIZMdv5
2019-02-16 19:36:18 +0000  Running /usr/bin/codesign '-vvv' '--force' '--sign' '6EEE189A0CFEAE5DC29FC600BFA6C5E1FA3E0895' '--entitlements' '/var/folders/sl/w22qxj617mdbwpl12x94f4400000gn/T/XcodeDistPipeline.F6v/entitlementsIZMdv5' '--preserve-metadata=identifier,flags,runtime' '--requirements' '=designated => anchor apple generic  and identifier "$self.identifier" and ((cert leaf[field.1.2.840.113635.100.6.1.9] exists) or ( certificate 1[field.1.2.840.113635.100.6.2.6] exists and certificate leaf[field.1.2.840.113635.100.6.1.13] exists  and certificate leaf[subject.OU] = "MH62Y8D74P" ))' '/var/folders/sl/w22qxj617mdbwpl12x94f4400000gn/T/XcodeDistPipeline.F6v/Root/Applications/MacWasher.app/Contents/Frameworks/libswiftAppKit.dylib'
2019-02-16 19:36:18 +0000  /var/folders/sl/w22qxj617mdbwpl12x94f4400000gn/T/XcodeDistPipeline.F6v/Root/Applications/MacWasher.app/Contents/Frameworks/libswiftAppKit.dylib: replacing existing signature
2019-02-16 19:36:19 +0000  /var/folders/sl/w22qxj617mdbwpl12x94f4400000gn/T/XcodeDistPipeline.F6v/Root/Applications/MacWasher.app/Contents/Frameworks/libswiftAppKit.dylib: signed Mach-O thin (x86_64) [com.apple.dt.runtime.swiftAppKit]
2019-02-16 19:36:19 +0000  /usr/bin/codesign exited with 0
2019-02-16 19:36:19 +0000  Entitlements for <IDEDistributionItem: 0x7fc3e5418b10 'com.apple.dt.runtime.swiftCore' '<DVTFilePath:0x7fc3e55135e0:'/Users/stevenbarnett/Library/Developer/Xcode/Archives/2019-02-16/MacWasher 16-02-2019, 19.35.xcarchive/Products/Applications/MacWasher.app/Contents/Frameworks/libswiftCore.dylib'>'>: {
}
2019-02-16 19:36:19 +0000  Writing entitlements for <IDEDistributionItem: 0x7fc3e5418b10 'com.apple.dt.runtime.swiftCore' '<DVTFilePath:0x7fc3e55135e0:'/Users/stevenbarnett/Library/Developer/Xcode/Archives/2019-02-16/MacWasher 16-02-2019, 19.35.xcarchive/Products/Applications/MacWasher.app/Contents/Frameworks/libswiftCore.dylib'>'> to: /var/folders/sl/w22qxj617mdbwpl12x94f4400000gn/T/XcodeDistPipeline.F6v/entitlementsiN2gHI
2019-02-16 19:36:19 +0000  Running /usr/bin/codesign '-vvv' '--force' '--sign' '6EEE189A0CFEAE5DC29FC600BFA6C5E1FA3E0895' '--entitlements' '/var/folders/sl/w22qxj617mdbwpl12x94f4400000gn/T/XcodeDistPipeline.F6v/entitlementsiN2gHI' '--preserve-metadata=identifier,flags,runtime' '--requirements' '=designated => anchor apple generic  and identifier "$self.identifier" and ((cert leaf[field.1.2.840.113635.100.6.1.9] exists) or ( certificate 1[field.1.2.840.113635.100.6.2.6] exists and certificate leaf[field.1.2.840.113635.100.6.1.13] exists  and certificate leaf[subject.OU] = "MH62Y8D74P" ))' '/var/folders/sl/w22qxj617mdbwpl12x94f4400000gn/T/XcodeDistPipeline.F6v/Root/Applications/MacWasher.app/Contents/Frameworks/libswiftCore.dylib'
2019-02-16 19:36:19 +0000  /var/folders/sl/w22qxj617mdbwpl12x94f4400000gn/T/XcodeDistPipeline.F6v/Root/Applications/MacWasher.app/Contents/Frameworks/libswiftCore.dylib: replacing existing signature
2019-02-16 19:36:19 +0000  /var/folders/sl/w22qxj617mdbwpl12x94f4400000gn/T/XcodeDistPipeline.F6v/Root/Applications/MacWasher.app/Contents/Frameworks/libswiftCore.dylib: signed Mach-O thin (x86_64) [com.apple.dt.runtime.swiftCore]
2019-02-16 19:36:19 +0000  /usr/bin/codesign exited with 0
2019-02-16 19:36:19 +0000  Entitlements for <IDEDistributionItem: 0x7fc3e36c6330 'com.apple.dt.runtime.swiftCoreData' '<DVTFilePath:0x7fc3e074edf0:'/Users/stevenbarnett/Library/Developer/Xcode/Archives/2019-02-16/MacWasher 16-02-2019, 19.35.xcarchive/Products/Applications/MacWasher.app/Contents/Frameworks/libswiftCoreData.dylib'>'>: {
}
2019-02-16 19:36:19 +0000  Writing entitlements for <IDEDistributionItem: 0x7fc3e36c6330 'com.apple.dt.runtime.swiftCoreData' '<DVTFilePath:0x7fc3e074edf0:'/Users/stevenbarnett/Library/Developer/Xcode/Archives/2019-02-16/MacWasher 16-02-2019, 19.35.xcarchive/Products/Applications/MacWasher.app/Contents/Frameworks/libswiftCoreData.dylib'>'> to: /var/folders/sl/w22qxj617mdbwpl12x94f4400000gn/T/XcodeDistPipeline.F6v/entitlementsXoHfzG
2019-02-16 19:36:19 +0000  Running /usr/bin/codesign '-vvv' '--force' '--sign' '6EEE189A0CFEAE5DC29FC600BFA6C5E1FA3E0895' '--entitlements' '/var/folders/sl/w22qxj617mdbwpl12x94f4400000gn/T/XcodeDistPipeline.F6v/entitlementsXoHfzG' '--preserve-metadata=identifier,flags,runtime' '--requirements' '=designated => anchor apple generic  and identifier "$self.identifier" and ((cert leaf[field.1.2.840.113635.100.6.1.9] exists) or ( certificate 1[field.1.2.840.113635.100.6.2.6] exists and certificate leaf[field.1.2.840.113635.100.6.1.13] exists  and certificate leaf[subject.OU] = "MH62Y8D74P" ))' '/var/folders/sl/w22qxj617mdbwpl12x94f4400000gn/T/XcodeDistPipeline.F6v/Root/Applications/MacWasher.app/Contents/Frameworks/libswiftCoreData.dylib'
2019-02-16 19:36:19 +0000  /var/folders/sl/w22qxj617mdbwpl12x94f4400000gn/T/XcodeDistPipeline.F6v/Root/Applications/MacWasher.app/Contents/Frameworks/libswiftCoreData.dylib: replacing existing signature
2019-02-16 19:36:19 +0000  /var/folders/sl/w22qxj617mdbwpl12x94f4400000gn/T/XcodeDistPipeline.F6v/Root/Applications/MacWasher.app/Contents/Frameworks/libswiftCoreData.dylib: signed Mach-O thin (x86_64) [com.apple.dt.runtime.swiftCoreData]
2019-02-16 19:36:19 +0000  /usr/bin/codesign exited with 0
2019-02-16 19:36:19 +0000  Entitlements for <IDEDistributionItem: 0x7fc3e5415e30 'com.apple.dt.runtime.swiftCoreFoundation' '<DVTFilePath:0x7fc3e358d570:'/Users/stevenbarnett/Library/Developer/Xcode/Archives/2019-02-16/MacWasher 16-02-2019, 19.35.xcarchive/Products/Applications/MacWasher.app/Contents/Frameworks/libswiftCoreFoundation.dylib'>'>: {
}
2019-02-16 19:36:19 +0000  Writing entitlements for <IDEDistributionItem: 0x7fc3e5415e30 'com.apple.dt.runtime.swiftCoreFoundation' '<DVTFilePath:0x7fc3e358d570:'/Users/stevenbarnett/Library/Developer/Xcode/Archives/2019-02-16/MacWasher 16-02-2019, 19.35.xcarchive/Products/Applications/MacWasher.app/Contents/Frameworks/libswiftCoreFoundation.dylib'>'> to: /var/folders/sl/w22qxj617mdbwpl12x94f4400000gn/T/XcodeDistPipeline.F6v/entitlementsmXIRoY
2019-02-16 19:36:19 +0000  Running /usr/bin/codesign '-vvv' '--force' '--sign' '6EEE189A0CFEAE5DC29FC600BFA6C5E1FA3E0895' '--entitlements' '/var/folders/sl/w22qxj617mdbwpl12x94f4400000gn/T/XcodeDistPipeline.F6v/entitlementsmXIRoY' '--preserve-metadata=identifier,flags,runtime' '--requirements' '=designated => anchor apple generic  and identifier "$self.identifier" and ((cert leaf[field.1.2.840.113635.100.6.1.9] exists) or ( certificate 1[field.1.2.840.113635.100.6.2.6] exists and certificate leaf[field.1.2.840.113635.100.6.1.13] exists  and certificate leaf[subject.OU] = "MH62Y8D74P" ))' '/var/folders/sl/w22qxj617mdbwpl12x94f4400000gn/T/XcodeDistPipeline.F6v/Root/Applications/MacWasher.app/Contents/Frameworks/libswiftCoreFoundation.dylib'
2019-02-16 19:36:19 +0000  /var/folders/sl/w22qxj617mdbwpl12x94f4400000gn/T/XcodeDistPipeline.F6v/Root/Applications/MacWasher.app/Contents/Frameworks/libswiftCoreFoundation.dylib: replacing existing signature
2019-02-16 19:36:19 +0000  /var/folders/sl/w22qxj617mdbwpl12x94f4400000gn/T/XcodeDistPipeline.F6v/Root/Applications/MacWasher.app/Contents/Frameworks/libswiftCoreFoundation.dylib: signed Mach-O thin (x86_64) [com.apple.dt.runtime.swiftCoreFoundation]
2019-02-16 19:36:19 +0000  /usr/bin/codesign exited with 0
2019-02-16 19:36:19 +0000  Entitlements for <IDEDistributionItem: 0x7fc3e5417bb0 'com.apple.dt.runtime.swiftCoreGraphics' '<DVTFilePath:0x7fc3e5514220:'/Users/stevenbarnett/Library/Developer/Xcode/Archives/2019-02-16/MacWasher 16-02-2019, 19.35.xcarchive/Products/Applications/MacWasher.app/Contents/Frameworks/libswiftCoreGraphics.dylib'>'>: {
}
2019-02-16 19:36:19 +0000  Writing entitlements for <IDEDistributionItem: 0x7fc3e5417bb0 'com.apple.dt.runtime.swiftCoreGraphics' '<DVTFilePath:0x7fc3e5514220:'/Users/stevenbarnett/Library/Developer/Xcode/Archives/2019-02-16/MacWasher 16-02-2019, 19.35.xcarchive/Products/Applications/MacWasher.app/Contents/Frameworks/libswiftCoreGraphics.dylib'>'> to: /var/folders/sl/w22qxj617mdbwpl12x94f4400000gn/T/XcodeDistPipeline.F6v/entitlementsG8y1LE
2019-02-16 19:36:19 +0000  Running /usr/bin/codesign '-vvv' '--force' '--sign' '6EEE189A0CFEAE5DC29FC600BFA6C5E1FA3E0895' '--entitlements' '/var/folders/sl/w22qxj617mdbwpl12x94f4400000gn/T/XcodeDistPipeline.F6v/entitlementsG8y1LE' '--preserve-metadata=identifier,flags,runtime' '--requirements' '=designated => anchor apple generic  and identifier "$self.identifier" and ((cert leaf[field.1.2.840.113635.100.6.1.9] exists) or ( certificate 1[field.1.2.840.113635.100.6.2.6] exists and certificate leaf[field.1.2.840.113635.100.6.1.13] exists  and certificate leaf[subject.OU] = "MH62Y8D74P" ))' '/var/folders/sl/w22qxj617mdbwpl12x94f4400000gn/T/XcodeDistPipeline.F6v/Root/Applications/MacWasher.app/Contents/Frameworks/libswiftCoreGraphics.dylib'
2019-02-16 19:36:19 +0000  /var/folders/sl/w22qxj617mdbwpl12x94f4400000gn/T/XcodeDistPipeline.F6v/Root/Applications/MacWasher.app/Contents/Frameworks/libswiftCoreGraphics.dylib: replacing existing signature
2019-02-16 19:36:20 +0000  /var/folders/sl/w22qxj617mdbwpl12x94f4400000gn/T/XcodeDistPipeline.F6v/Root/Applications/MacWasher.app/Contents/Frameworks/libswiftCoreGraphics.dylib: signed Mach-O thin (x86_64) [com.apple.dt.runtime.swiftCoreGraphics]
2019-02-16 19:36:20 +0000  /usr/bin/codesign exited with 0
2019-02-16 19:36:20 +0000  Entitlements for <IDEDistributionItem: 0x7fc3e543beb0 'com.apple.dt.runtime.swiftCoreImage' '<DVTFilePath:0x7fc3e0167b80:'/Users/stevenbarnett/Library/Developer/Xcode/Archives/2019-02-16/MacWasher 16-02-2019, 19.35.xcarchive/Products/Applications/MacWasher.app/Contents/Frameworks/libswiftCoreImage.dylib'>'>: {
}
2019-02-16 19:36:20 +0000  Writing entitlements for <IDEDistributionItem: 0x7fc3e543beb0 'com.apple.dt.runtime.swiftCoreImage' '<DVTFilePath:0x7fc3e0167b80:'/Users/stevenbarnett/Library/Developer/Xcode/Archives/2019-02-16/MacWasher 16-02-2019, 19.35.xcarchive/Products/Applications/MacWasher.app/Contents/Frameworks/libswiftCoreImage.dylib'>'> to: /var/folders/sl/w22qxj617mdbwpl12x94f4400000gn/T/XcodeDistPipeline.F6v/entitlementsqDw0u9
2019-02-16 19:36:20 +0000  Running /usr/bin/codesign '-vvv' '--force' '--sign' '6EEE189A0CFEAE5DC29FC600BFA6C5E1FA3E0895' '--entitlements' '/var/folders/sl/w22qxj617mdbwpl12x94f4400000gn/T/XcodeDistPipeline.F6v/entitlementsqDw0u9' '--preserve-metadata=identifier,flags,runtime' '--requirements' '=designated => anchor apple generic  and identifier "$self.identifier" and ((cert leaf[field.1.2.840.113635.100.6.1.9] exists) or ( certificate 1[field.1.2.840.113635.100.6.2.6] exists and certificate leaf[field.1.2.840.113635.100.6.1.13] exists  and certificate leaf[subject.OU] = "MH62Y8D74P" ))' '/var/folders/sl/w22qxj617mdbwpl12x94f4400000gn/T/XcodeDistPipeline.F6v/Root/Applications/MacWasher.app/Contents/Frameworks/libswiftCoreImage.dylib'
2019-02-16 19:36:20 +0000  /var/folders/sl/w22qxj617mdbwpl12x94f4400000gn/T/XcodeDistPipeline.F6v/Root/Applications/MacWasher.app/Contents/Frameworks/libswiftCoreImage.dylib: replacing existing signature
2019-02-16 19:36:20 +0000  /var/folders/sl/w22qxj617mdbwpl12x94f4400000gn/T/XcodeDistPipeline.F6v/Root/Applications/MacWasher.app/Contents/Frameworks/libswiftCoreImage.dylib: signed Mach-O thin (x86_64) [com.apple.dt.runtime.swiftCoreImage]
2019-02-16 19:36:20 +0000  /usr/bin/codesign exited with 0
2019-02-16 19:36:20 +0000  Entitlements for <IDEDistributionItem: 0x7fc3e36f7bd0 'com.apple.dt.runtime.swiftDarwin' '<DVTFilePath:0x7fc3e3569e30:'/Users/stevenbarnett/Library/Developer/Xcode/Archives/2019-02-16/MacWasher 16-02-2019, 19.35.xcarchive/Products/Applications/MacWasher.app/Contents/Frameworks/libswiftDarwin.dylib'>'>: {
}
2019-02-16 19:36:20 +0000  Writing entitlements for <IDEDistributionItem: 0x7fc3e36f7bd0 'com.apple.dt.runtime.swiftDarwin' '<DVTFilePath:0x7fc3e3569e30:'/Users/stevenbarnett/Library/Developer/Xcode/Archives/2019-02-16/MacWasher 16-02-2019, 19.35.xcarchive/Products/Applications/MacWasher.app/Contents/Frameworks/libswiftDarwin.dylib'>'> to: /var/folders/sl/w22qxj617mdbwpl12x94f4400000gn/T/XcodeDistPipeline.F6v/entitlementsT2kLye
2019-02-16 19:36:20 +0000  Running /usr/bin/codesign '-vvv' '--force' '--sign' '6EEE189A0CFEAE5DC29FC600BFA6C5E1FA3E0895' '--entitlements' '/var/folders/sl/w22qxj617mdbwpl12x94f4400000gn/T/XcodeDistPipeline.F6v/entitlementsT2kLye' '--preserve-metadata=identifier,flags,runtime' '--requirements' '=designated => anchor apple generic  and identifier "$self.identifier" and ((cert leaf[field.1.2.840.113635.100.6.1.9] exists) or ( certificate 1[field.1.2.840.113635.100.6.2.6] exists and certificate leaf[field.1.2.840.113635.100.6.1.13] exists  and certificate leaf[subject.OU] = "MH62Y8D74P" ))' '/var/folders/sl/w22qxj617mdbwpl12x94f4400000gn/T/XcodeDistPipeline.F6v/Root/Applications/MacWasher.app/Contents/Frameworks/libswiftDarwin.dylib'
2019-02-16 19:36:20 +0000  /var/folders/sl/w22qxj617mdbwpl12x94f4400000gn/T/XcodeDistPipeline.F6v/Root/Applications/MacWasher.app/Contents/Frameworks/libswiftDarwin.dylib: replacing existing signature
2019-02-16 19:36:20 +0000  /var/folders/sl/w22qxj617mdbwpl12x94f4400000gn/T/XcodeDistPipeline.F6v/Root/Applications/MacWasher.app/Contents/Frameworks/libswiftDarwin.dylib: signed Mach-O thin (x86_64) [com.apple.dt.runtime.swiftDarwin]
2019-02-16 19:36:20 +0000  /usr/bin/codesign exited with 0
2019-02-16 19:36:20 +0000  Entitlements for <IDEDistributionItem: 0x7fc3da26f180 'com.apple.dt.runtime.swiftDispatch' '<DVTFilePath:0x7fc3e5504990:'/Users/stevenbarnett/Library/Developer/Xcode/Archives/2019-02-16/MacWasher 16-02-2019, 19.35.xcarchive/Products/Applications/MacWasher.app/Contents/Frameworks/libswiftDispatch.dylib'>'>: {
}
2019-02-16 19:36:20 +0000  Writing entitlements for <IDEDistributionItem: 0x7fc3da26f180 'com.apple.dt.runtime.swiftDispatch' '<DVTFilePath:0x7fc3e5504990:'/Users/stevenbarnett/Library/Developer/Xcode/Archives/2019-02-16/MacWasher 16-02-2019, 19.35.xcarchive/Products/Applications/MacWasher.app/Contents/Frameworks/libswiftDispatch.dylib'>'> to: /var/folders/sl/w22qxj617mdbwpl12x94f4400000gn/T/XcodeDistPipeline.F6v/entitlementsnWWW33
2019-02-16 19:36:20 +0000  Running /usr/bin/codesign '-vvv' '--force' '--sign' '6EEE189A0CFEAE5DC29FC600BFA6C5E1FA3E0895' '--entitlements' '/var/folders/sl/w22qxj617mdbwpl12x94f4400000gn/T/XcodeDistPipeline.F6v/entitlementsnWWW33' '--preserve-metadata=identifier,flags,runtime' '--requirements' '=designated => anchor apple generic  and identifier "$self.identifier" and ((cert leaf[field.1.2.840.113635.100.6.1.9] exists) or ( certificate 1[field.1.2.840.113635.100.6.2.6] exists and certificate leaf[field.1.2.840.113635.100.6.1.13] exists  and certificate leaf[subject.OU] = "MH62Y8D74P" ))' '/var/folders/sl/w22qxj617mdbwpl12x94f4400000gn/T/XcodeDistPipeline.F6v/Root/Applications/MacWasher.app/Contents/Frameworks/libswiftDispatch.dylib'
2019-02-16 19:36:20 +0000  /var/folders/sl/w22qxj617mdbwpl12x94f4400000gn/T/XcodeDistPipeline.F6v/Root/Applications/MacWasher.app/Contents/Frameworks/libswiftDispatch.dylib: replacing existing signature
2019-02-16 19:36:20 +0000  /var/folders/sl/w22qxj617mdbwpl12x94f4400000gn/T/XcodeDistPipeline.F6v/Root/Applications/MacWasher.app/Contents/Frameworks/libswiftDispatch.dylib: signed Mach-O thin (x86_64) [com.apple.dt.runtime.swiftDispatch]
2019-02-16 19:36:20 +0000  /usr/bin/codesign exited with 0
2019-02-16 19:36:20 +0000  Entitlements for <IDEDistributionItem: 0x7fc3e36e17a0 'com.apple.dt.runtime.swiftFoundation' '<DVTFilePath:0x7fc3df2b1e60:'/Users/stevenbarnett/Library/Developer/Xcode/Archives/2019-02-16/MacWasher 16-02-2019, 19.35.xcarchive/Products/Applications/MacWasher.app/Contents/Frameworks/libswiftFoundation.dylib'>'>: {
}
2019-02-16 19:36:20 +0000  Writing entitlements for <IDEDistributionItem: 0x7fc3e36e17a0 'com.apple.dt.runtime.swiftFoundation' '<DVTFilePath:0x7fc3df2b1e60:'/Users/stevenbarnett/Library/Developer/Xcode/Archives/2019-02-16/MacWasher 16-02-2019, 19.35.xcarchive/Products/Applications/MacWasher.app/Contents/Frameworks/libswiftFoundation.dylib'>'> to: /var/folders/sl/w22qxj617mdbwpl12x94f4400000gn/T/XcodeDistPipeline.F6v/entitlementsbWPYoY
2019-02-16 19:36:20 +0000  Running /usr/bin/codesign '-vvv' '--force' '--sign' '6EEE189A0CFEAE5DC29FC600BFA6C5E1FA3E0895' '--entitlements' '/var/folders/sl/w22qxj617mdbwpl12x94f4400000gn/T/XcodeDistPipeline.F6v/entitlementsbWPYoY' '--preserve-metadata=identifier,flags,runtime' '--requirements' '=designated => anchor apple generic  and identifier "$self.identifier" and ((cert leaf[field.1.2.840.113635.100.6.1.9] exists) or ( certificate 1[field.1.2.840.113635.100.6.2.6] exists and certificate leaf[field.1.2.840.113635.100.6.1.13] exists  and certificate leaf[subject.OU] = "MH62Y8D74P" ))' '/var/folders/sl/w22qxj617mdbwpl12x94f4400000gn/T/XcodeDistPipeline.F6v/Root/Applications/MacWasher.app/Contents/Frameworks/libswiftFoundation.dylib'
2019-02-16 19:36:20 +0000  /var/folders/sl/w22qxj617mdbwpl12x94f4400000gn/T/XcodeDistPipeline.F6v/Root/Applications/MacWasher.app/Contents/Frameworks/libswiftFoundation.dylib: replacing existing signature
2019-02-16 19:36:20 +0000  /var/folders/sl/w22qxj617mdbwpl12x94f4400000gn/T/XcodeDistPipeline.F6v/Root/Applications/MacWasher.app/Contents/Frameworks/libswiftFoundation.dylib: signed Mach-O thin (x86_64) [com.apple.dt.runtime.swiftFoundation]
2019-02-16 19:36:20 +0000  /usr/bin/codesign exited with 0
2019-02-16 19:36:21 +0000  Entitlements for <IDEDistributionItem: 0x7fc3e5446570 'com.apple.dt.runtime.swiftIOKit' '<DVTFilePath:0x7fc3e36ce930:'/Users/stevenbarnett/Library/Developer/Xcode/Archives/2019-02-16/MacWasher 16-02-2019, 19.35.xcarchive/Products/Applications/MacWasher.app/Contents/Frameworks/libswiftIOKit.dylib'>'>: {
}
2019-02-16 19:36:21 +0000  Writing entitlements for <IDEDistributionItem: 0x7fc3e5446570 'com.apple.dt.runtime.swiftIOKit' '<DVTFilePath:0x7fc3e36ce930:'/Users/stevenbarnett/Library/Developer/Xcode/Archives/2019-02-16/MacWasher 16-02-2019, 19.35.xcarchive/Products/Applications/MacWasher.app/Contents/Frameworks/libswiftIOKit.dylib'>'> to: /var/folders/sl/w22qxj617mdbwpl12x94f4400000gn/T/XcodeDistPipeline.F6v/entitlementszJqtvi
2019-02-16 19:36:21 +0000  Running /usr/bin/codesign '-vvv' '--force' '--sign' '6EEE189A0CFEAE5DC29FC600BFA6C5E1FA3E0895' '--entitlements' '/var/folders/sl/w22qxj617mdbwpl12x94f4400000gn/T/XcodeDistPipeline.F6v/entitlementszJqtvi' '--preserve-metadata=identifier,flags,runtime' '--requirements' '=designated => anchor apple generic  and identifier "$self.identifier" and ((cert leaf[field.1.2.840.113635.100.6.1.9] exists) or ( certificate 1[field.1.2.840.113635.100.6.2.6] exists and certificate leaf[field.1.2.840.113635.100.6.1.13] exists  and certificate leaf[subject.OU] = "MH62Y8D74P" ))' '/var/folders/sl/w22qxj617mdbwpl12x94f4400000gn/T/XcodeDistPipeline.F6v/Root/Applications/MacWasher.app/Contents/Frameworks/libswiftIOKit.dylib'
2019-02-16 19:36:21 +0000  /var/folders/sl/w22qxj617mdbwpl12x94f4400000gn/T/XcodeDistPipeline.F6v/Root/Applications/MacWasher.app/Contents/Frameworks/libswiftIOKit.dylib: replacing existing signature
2019-02-16 19:36:21 +0000  /var/folders/sl/w22qxj617mdbwpl12x94f4400000gn/T/XcodeDistPipeline.F6v/Root/Applications/MacWasher.app/Contents/Frameworks/libswiftIOKit.dylib: signed Mach-O thin (x86_64) [com.apple.dt.runtime.swiftIOKit]
2019-02-16 19:36:21 +0000  /usr/bin/codesign exited with 0
2019-02-16 19:36:21 +0000  Entitlements for <IDEDistributionItem: 0x7fc3e540c5e0 'com.apple.dt.runtime.swiftMetal' '<DVTFilePath:0x7fc3e51e2e90:'/Users/stevenbarnett/Library/Developer/Xcode/Archives/2019-02-16/MacWasher 16-02-2019, 19.35.xcarchive/Products/Applications/MacWasher.app/Contents/Frameworks/libswiftMetal.dylib'>'>: {
}
2019-02-16 19:36:21 +0000  Writing entitlements for <IDEDistributionItem: 0x7fc3e540c5e0 'com.apple.dt.runtime.swiftMetal' '<DVTFilePath:0x7fc3e51e2e90:'/Users/stevenbarnett/Library/Developer/Xcode/Archives/2019-02-16/MacWasher 16-02-2019, 19.35.xcarchive/Products/Applications/MacWasher.app/Contents/Frameworks/libswiftMetal.dylib'>'> to: /var/folders/sl/w22qxj617mdbwpl12x94f4400000gn/T/XcodeDistPipeline.F6v/entitlementsr3snoo
2019-02-16 19:36:21 +0000  Running /usr/bin/codesign '-vvv' '--force' '--sign' '6EEE189A0CFEAE5DC29FC600BFA6C5E1FA3E0895' '--entitlements' '/var/folders/sl/w22qxj617mdbwpl12x94f4400000gn/T/XcodeDistPipeline.F6v/entitlementsr3snoo' '--preserve-metadata=identifier,flags,runtime' '--requirements' '=designated => anchor apple generic  and identifier "$self.identifier" and ((cert leaf[field.1.2.840.113635.100.6.1.9] exists) or ( certificate 1[field.1.2.840.113635.100.6.2.6] exists and certificate leaf[field.1.2.840.113635.100.6.1.13] exists  and certificate leaf[subject.OU] = "MH62Y8D74P" ))' '/var/folders/sl/w22qxj617mdbwpl12x94f4400000gn/T/XcodeDistPipeline.F6v/Root/Applications/MacWasher.app/Contents/Frameworks/libswiftMetal.dylib'
2019-02-16 19:36:21 +0000  /var/folders/sl/w22qxj617mdbwpl12x94f4400000gn/T/XcodeDistPipeline.F6v/Root/Applications/MacWasher.app/Contents/Frameworks/libswiftMetal.dylib: replacing existing signature
2019-02-16 19:36:21 +0000  /var/folders/sl/w22qxj617mdbwpl12x94f4400000gn/T/XcodeDistPipeline.F6v/Root/Applications/MacWasher.app/Contents/Frameworks/libswiftMetal.dylib: signed Mach-O thin (x86_64) [com.apple.dt.runtime.swiftMetal]
2019-02-16 19:36:21 +0000  /usr/bin/codesign exited with 0
2019-02-16 19:36:21 +0000  Entitlements for <IDEDistributionItem: 0x7fc3e54084a0 'com.apple.dt.runtime.swiftObjectiveC' '<DVTFilePath:0x7fc3e51d64b0:'/Users/stevenbarnett/Library/Developer/Xcode/Archives/2019-02-16/MacWasher 16-02-2019, 19.35.xcarchive/Products/Applications/MacWasher.app/Contents/Frameworks/libswiftObjectiveC.dylib'>'>: {
}
2019-02-16 19:36:21 +0000  Writing entitlements for <IDEDistributionItem: 0x7fc3e54084a0 'com.apple.dt.runtime.swiftObjectiveC' '<DVTFilePath:0x7fc3e51d64b0:'/Users/stevenbarnett/Library/Developer/Xcode/Archives/2019-02-16/MacWasher 16-02-2019, 19.35.xcarchive/Products/Applications/MacWasher.app/Contents/Frameworks/libswiftObjectiveC.dylib'>'> to: /var/folders/sl/w22qxj617mdbwpl12x94f4400000gn/T/XcodeDistPipeline.F6v/entitlementssd75YK
2019-02-16 19:36:21 +0000  Running /usr/bin/codesign '-vvv' '--force' '--sign' '6EEE189A0CFEAE5DC29FC600BFA6C5E1FA3E0895' '--entitlements' '/var/folders/sl/w22qxj617mdbwpl12x94f4400000gn/T/XcodeDistPipeline.F6v/entitlementssd75YK' '--preserve-metadata=identifier,flags,runtime' '--requirements' '=designated => anchor apple generic  and identifier "$self.identifier" and ((cert leaf[field.1.2.840.113635.100.6.1.9] exists) or ( certificate 1[field.1.2.840.113635.100.6.2.6] exists and certificate leaf[field.1.2.840.113635.100.6.1.13] exists  and certificate leaf[subject.OU] = "MH62Y8D74P" ))' '/var/folders/sl/w22qxj617mdbwpl12x94f4400000gn/T/XcodeDistPipeline.F6v/Root/Applications/MacWasher.app/Contents/Frameworks/libswiftObjectiveC.dylib'
2019-02-16 19:36:21 +0000  /var/folders/sl/w22qxj617mdbwpl12x94f4400000gn/T/XcodeDistPipeline.F6v/Root/Applications/MacWasher.app/Contents/Frameworks/libswiftObjectiveC.dylib: replacing existing signature
2019-02-16 19:36:21 +0000  /var/folders/sl/w22qxj617mdbwpl12x94f4400000gn/T/XcodeDistPipeline.F6v/Root/Applications/MacWasher.app/Contents/Frameworks/libswiftObjectiveC.dylib: signed Mach-O thin (x86_64) [com.apple.dt.runtime.swiftObjectiveC]
2019-02-16 19:36:21 +0000  /usr/bin/codesign exited with 0
2019-02-16 19:36:21 +0000  Entitlements for <IDEDistributionItem: 0x7fc3e5413160 'com.apple.dt.runtime.swiftQuartzCore' '<DVTFilePath:0x7fc3e36cd930:'/Users/stevenbarnett/Library/Developer/Xcode/Archives/2019-02-16/MacWasher 16-02-2019, 19.35.xcarchive/Products/Applications/MacWasher.app/Contents/Frameworks/libswiftQuartzCore.dylib'>'>: {
}
2019-02-16 19:36:21 +0000  Writing entitlements for <IDEDistributionItem: 0x7fc3e5413160 'com.apple.dt.runtime.swiftQuartzCore' '<DVTFilePath:0x7fc3e36cd930:'/Users/stevenbarnett/Library/Developer/Xcode/Archives/2019-02-16/MacWasher 16-02-2019, 19.35.xcarchive/Products/Applications/MacWasher.app/Contents/Frameworks/libswiftQuartzCore.dylib'>'> to: /var/folders/sl/w22qxj617mdbwpl12x94f4400000gn/T/XcodeDistPipeline.F6v/entitlements1qcRrp
2019-02-16 19:36:21 +0000  Running /usr/bin/codesign '-vvv' '--force' '--sign' '6EEE189A0CFEAE5DC29FC600BFA6C5E1FA3E0895' '--entitlements' '/var/folders/sl/w22qxj617mdbwpl12x94f4400000gn/T/XcodeDistPipeline.F6v/entitlements1qcRrp' '--preserve-metadata=identifier,flags,runtime' '--requirements' '=designated => anchor apple generic  and identifier "$self.identifier" and ((cert leaf[field.1.2.840.113635.100.6.1.9] exists) or ( certificate 1[field.1.2.840.113635.100.6.2.6] exists and certificate leaf[field.1.2.840.113635.100.6.1.13] exists  and certificate leaf[subject.OU] = "MH62Y8D74P" ))' '/var/folders/sl/w22qxj617mdbwpl12x94f4400000gn/T/XcodeDistPipeline.F6v/Root/Applications/MacWasher.app/Contents/Frameworks/libswiftQuartzCore.dylib'
2019-02-16 19:36:21 +0000  /var/folders/sl/w22qxj617mdbwpl12x94f4400000gn/T/XcodeDistPipeline.F6v/Root/Applications/MacWasher.app/Contents/Frameworks/libswiftQuartzCore.dylib: replacing existing signature
2019-02-16 19:36:21 +0000  /var/folders/sl/w22qxj617mdbwpl12x94f4400000gn/T/XcodeDistPipeline.F6v/Root/Applications/MacWasher.app/Contents/Frameworks/libswiftQuartzCore.dylib: signed Mach-O thin (x86_64) [com.apple.dt.runtime.swiftQuartzCore]
2019-02-16 19:36:21 +0000  /usr/bin/codesign exited with 0
2019-02-16 19:36:21 +0000  Entitlements for <IDEDistributionItem: 0x7fc3e5434470 'com.apple.dt.runtime.swiftXPC' '<DVTFilePath:0x7fc3e51dff40:'/Users/stevenbarnett/Library/Developer/Xcode/Archives/2019-02-16/MacWasher 16-02-2019, 19.35.xcarchive/Products/Applications/MacWasher.app/Contents/Frameworks/libswiftXPC.dylib'>'>: {
}
2019-02-16 19:36:21 +0000  Writing entitlements for <IDEDistributionItem: 0x7fc3e5434470 'com.apple.dt.runtime.swiftXPC' '<DVTFilePath:0x7fc3e51dff40:'/Users/stevenbarnett/Library/Developer/Xcode/Archives/2019-02-16/MacWasher 16-02-2019, 19.35.xcarchive/Products/Applications/MacWasher.app/Contents/Frameworks/libswiftXPC.dylib'>'> to: /var/folders/sl/w22qxj617mdbwpl12x94f4400000gn/T/XcodeDistPipeline.F6v/entitlementspqwP44
2019-02-16 19:36:21 +0000  Running /usr/bin/codesign '-vvv' '--force' '--sign' '6EEE189A0CFEAE5DC29FC600BFA6C5E1FA3E0895' '--entitlements' '/var/folders/sl/w22qxj617mdbwpl12x94f4400000gn/T/XcodeDistPipeline.F6v/entitlementspqwP44' '--preserve-metadata=identifier,flags,runtime' '--requirements' '=designated => anchor apple generic  and identifier "$self.identifier" and ((cert leaf[field.1.2.840.113635.100.6.1.9] exists) or ( certificate 1[field.1.2.840.113635.100.6.2.6] exists and certificate leaf[field.1.2.840.113635.100.6.1.13] exists  and certificate leaf[subject.OU] = "MH62Y8D74P" ))' '/var/folders/sl/w22qxj617mdbwpl12x94f4400000gn/T/XcodeDistPipeline.F6v/Root/Applications/MacWasher.app/Contents/Frameworks/libswiftXPC.dylib'
2019-02-16 19:36:21 +0000  /var/folders/sl/w22qxj617mdbwpl12x94f4400000gn/T/XcodeDistPipeline.F6v/Root/Applications/MacWasher.app/Contents/Frameworks/libswiftXPC.dylib: replacing existing signature
2019-02-16 19:36:22 +0000  /var/folders/sl/w22qxj617mdbwpl12x94f4400000gn/T/XcodeDistPipeline.F6v/Root/Applications/MacWasher.app/Contents/Frameworks/libswiftXPC.dylib: signed Mach-O thin (x86_64) [com.apple.dt.runtime.swiftXPC]
2019-02-16 19:36:22 +0000  /usr/bin/codesign exited with 0
2019-02-16 19:36:22 +0000  Entitlements for <IDEDistributionItem: 0x7fc3e5448d00 'com.apple.dt.runtime.swiftos' '<DVTFilePath:0x7fc3e36d14b0:'/Users/stevenbarnett/Library/Developer/Xcode/Archives/2019-02-16/MacWasher 16-02-2019, 19.35.xcarchive/Products/Applications/MacWasher.app/Contents/Frameworks/libswiftos.dylib'>'>: {
}
2019-02-16 19:36:22 +0000  Writing entitlements for <IDEDistributionItem: 0x7fc3e5448d00 'com.apple.dt.runtime.swiftos' '<DVTFilePath:0x7fc3e36d14b0:'/Users/stevenbarnett/Library/Developer/Xcode/Archives/2019-02-16/MacWasher 16-02-2019, 19.35.xcarchive/Products/Applications/MacWasher.app/Contents/Frameworks/libswiftos.dylib'>'> to: /var/folders/sl/w22qxj617mdbwpl12x94f4400000gn/T/XcodeDistPipeline.F6v/entitlementsygLIi7
2019-02-16 19:36:22 +0000  Running /usr/bin/codesign '-vvv' '--force' '--sign' '6EEE189A0CFEAE5DC29FC600BFA6C5E1FA3E0895' '--entitlements' '/var/folders/sl/w22qxj617mdbwpl12x94f4400000gn/T/XcodeDistPipeline.F6v/entitlementsygLIi7' '--preserve-metadata=identifier,flags,runtime' '--requirements' '=designated => anchor apple generic  and identifier "$self.identifier" and ((cert leaf[field.1.2.840.113635.100.6.1.9] exists) or ( certificate 1[field.1.2.840.113635.100.6.2.6] exists and certificate leaf[field.1.2.840.113635.100.6.1.13] exists  and certificate leaf[subject.OU] = "MH62Y8D74P" ))' '/var/folders/sl/w22qxj617mdbwpl12x94f4400000gn/T/XcodeDistPipeline.F6v/Root/Applications/MacWasher.app/Contents/Frameworks/libswiftos.dylib'
2019-02-16 19:36:22 +0000  /var/folders/sl/w22qxj617mdbwpl12x94f4400000gn/T/XcodeDistPipeline.F6v/Root/Applications/MacWasher.app/Contents/Frameworks/libswiftos.dylib: replacing existing signature
2019-02-16 19:36:22 +0000  /var/folders/sl/w22qxj617mdbwpl12x94f4400000gn/T/XcodeDistPipeline.F6v/Root/Applications/MacWasher.app/Contents/Frameworks/libswiftos.dylib: signed Mach-O thin (x86_64) [com.apple.dt.runtime.swiftos]
2019-02-16 19:36:22 +0000  /usr/bin/codesign exited with 0
2019-02-16 19:36:22 +0000  Entitlements for <IDEDistributionItem: 0x7fc3e5450a30 'com.theoldbloke.MacWasher' '<DVTFilePath:0x7fc3e34bfd20:'/Users/stevenbarnett/Library/Developer/Xcode/Archives/2019-02-16/MacWasher 16-02-2019, 19.35.xcarchive/Products/Applications/MacWasher.app'>'>: {
    "com.apple.security.app-sandbox" = 1;
    "com.apple.security.network.client" = 1;
    "com.apple.security.print" = 1;
}
2019-02-16 19:36:22 +0000  Writing entitlements for <IDEDistributionItem: 0x7fc3e5450a30 'com.theoldbloke.MacWasher' '<DVTFilePath:0x7fc3e34bfd20:'/Users/stevenbarnett/Library/Developer/Xcode/Archives/2019-02-16/MacWasher 16-02-2019, 19.35.xcarchive/Products/Applications/MacWasher.app'>'> to: /var/folders/sl/w22qxj617mdbwpl12x94f4400000gn/T/XcodeDistPipeline.F6v/entitlementsgMBJI3
2019-02-16 19:36:22 +0000  Running /usr/bin/codesign '-vvv' '--force' '--sign' '6EEE189A0CFEAE5DC29FC600BFA6C5E1FA3E0895' '--entitlements' '/var/folders/sl/w22qxj617mdbwpl12x94f4400000gn/T/XcodeDistPipeline.F6v/entitlementsgMBJI3' '--preserve-metadata=identifier,flags,runtime' '--requirements' '=designated => anchor apple generic  and identifier "$self.identifier" and ((cert leaf[field.1.2.840.113635.100.6.1.9] exists) or ( certificate 1[field.1.2.840.113635.100.6.2.6] exists and certificate leaf[field.1.2.840.113635.100.6.1.13] exists  and certificate leaf[subject.OU] = "MH62Y8D74P" ))' '/var/folders/sl/w22qxj617mdbwpl12x94f4400000gn/T/XcodeDistPipeline.F6v/Root/Applications/MacWasher.app'
2019-02-16 19:36:22 +0000  /var/folders/sl/w22qxj617mdbwpl12x94f4400000gn/T/XcodeDistPipeline.F6v/Root/Applications/MacWasher.app: replacing existing signature
2019-02-16 19:36:22 +0000  /var/folders/sl/w22qxj617mdbwpl12x94f4400000gn/T/XcodeDistPipeline.F6v/Root/Applications/MacWasher.app: signed app bundle with Mach-O thin (x86_64) [com.theoldbloke.MacWasher]
2019-02-16 19:36:22 +0000  /usr/bin/codesign exited with 0
2019-02-16 19:36:22 +0000  Processing step: IDEDistributionZipODRItemStep
2019-02-16 19:36:22 +0000  Skipping step: IDEDistributionZipODRItemStep because it said so
2019-02-16 19:36:22 +0000  Skipping step: IDEDistributionZipODRItemStep because it said so
2019-02-16 19:36:22 +0000  Skipping step: IDEDistributionZipODRItemStep because it said so
2019-02-16 19:36:22 +0000  Skipping step: IDEDistributionZipODRItemStep because it said so
2019-02-16 19:36:22 +0000  Skipping step: IDEDistributionZipODRItemStep because it said so
2019-02-16 19:36:22 +0000  Skipping step: IDEDistributionZipODRItemStep because it said so
2019-02-16 19:36:22 +0000  Skipping step: IDEDistributionZipODRItemStep because it said so
2019-02-16 19:36:22 +0000  Skipping step: IDEDistributionZipODRItemStep because it said so
2019-02-16 19:36:22 +0000  Skipping step: IDEDistributionZipODRItemStep because it said so
2019-02-16 19:36:22 +0000  Skipping step: IDEDistributionZipODRItemStep because it said so
2019-02-16 19:36:22 +0000  Skipping step: IDEDistributionZipODRItemStep because it said so
2019-02-16 19:36:22 +0000  Skipping step: IDEDistributionZipODRItemStep because it said so
2019-02-16 19:36:22 +0000  Skipping step: IDEDistributionZipODRItemStep because it said so
2019-02-16 19:36:22 +0000  Skipping step: IDEDistributionZipODRItemStep because it said so
2019-02-16 19:36:22 +0000  Skipping step: IDEDistributionZipODRItemStep because it said so
2019-02-16 19:36:22 +0000  Skipping step: IDEDistributionZipODRItemStep because it said so
2019-02-16 19:36:22 +0000  Processing step: IDEDistributionSkipPackagingStep
2019-02-16 19:36:22 +0000  Processing step: IDEDistributionAppStoreInformationStep
2019-02-16 19:36:22 +0000  Skipping step: IDEDistributionAppStoreInformationStep because it said so
2019-02-16 19:36:22 +0000  Processing step: IDEDistributionCreateManifestStep
2019-02-16 19:36:22 +0000  Skipping step: IDEDistributionCreateManifestStep because it said so
